2026-04-04T21:10:40.3983338Z Current runner version: '2.333.1'
2026-04-04T21:10:40.4008780Z ##[group]Runner Image Provisioner
2026-04-04T21:10:40.4009571Z Hosted Compute Agent
2026-04-04T21:10:40.4010160Z Version: 20260213.493
2026-04-04T21:10:40.4010704Z Commit: 5c115507f6dd24b8de37d8bbe0bb4509d0cc0fa3
2026-04-04T21:10:40.4011474Z Build Date: 2026-02-13T00:28:41Z
2026-04-04T21:10:40.4012415Z Worker ID: {26d919da-29b8-47ff-8421-9e644b4e2cfe}
2026-04-04T21:10:40.4013100Z Azure Region: centralus
2026-04-04T21:10:40.4013772Z ##[endgroup]
2026-04-04T21:10:40.4015224Z ##[group]Operating System
2026-04-04T21:10:40.4015875Z Ubuntu
2026-04-04T21:10:40.4016332Z 24.04.4
2026-04-04T21:10:40.4016794Z LTS
2026-04-04T21:10:40.4017191Z ##[endgroup]
2026-04-04T21:10:40.4017757Z ##[group]Runner Image
2026-04-04T21:10:40.4018367Z Image: ubuntu-24.04
2026-04-04T21:10:40.4018817Z Version: 20260329.72.1
2026-04-04T21:10:40.4020022Z Included Software: https://github.com/actions/runner-images/blob/ubuntu24/20260329.72/images/ubuntu/Ubuntu2404-Readme.md
2026-04-04T21:10:40.4021508Z Image Release: https://github.com/actions/runner-images/releases/tag/ubuntu24%2F20260329.72
2026-04-04T21:10:40.4022720Z ##[endgroup]
2026-04-04T21:10:40.4023953Z ##[group]GITHUB_TOKEN Permissions
2026-04-04T21:10:40.4026733Z Contents: read
2026-04-04T21:10:40.4027282Z Metadata: read
2026-04-04T21:10:40.4027740Z Packages: read
2026-04-04T21:10:40.4028357Z ##[endgroup]
2026-04-04T21:10:40.4030347Z Secret source: Actions
2026-04-04T21:10:40.4031271Z Prepare workflow directory
2026-04-04T21:10:40.4366279Z Prepare all required actions
2026-04-04T21:10:40.4407267Z Getting action download info
2026-04-04T21:10:40.8003541Z Download action repository 'actions/checkout@v4' (SHA:34e114876b0b11c390a56381ad16ebd13914f8d5)
2026-04-04T21:10:40.9181213Z Download action repository 'actions/setup-python@v5' (SHA:a26af69be951a213d495a4c3e4e4022e16d87065)
2026-04-04T21:10:41.1028812Z Complete job name: checks
2026-04-04T21:10:41.1731568Z ##[group]Run actions/checkout@v4
2026-04-04T21:10:41.1732812Z with:
2026-04-04T21:10:41.1733315Z   repository: Eliot-Abramo/Kicad-Space-Reliability
2026-04-04T21:10:41.1734052Z   token: ***
2026-04-04T21:10:41.1734436Z   ssh-strict: true
2026-04-04T21:10:41.1734828Z   ssh-user: git
2026-04-04T21:10:41.1735234Z   persist-credentials: true
2026-04-04T21:10:41.1735684Z   clean: true
2026-04-04T21:10:41.1736085Z   sparse-checkout-cone-mode: true
2026-04-04T21:10:41.1736564Z   fetch-depth: 1
2026-04-04T21:10:41.1736945Z   fetch-tags: false
2026-04-04T21:10:41.1737335Z   show-progress: true
2026-04-04T21:10:41.1737729Z   lfs: false
2026-04-04T21:10:41.1738084Z   submodules: false
2026-04-04T21:10:41.1738488Z   set-safe-directory: true
2026-04-04T21:10:41.1739134Z ##[endgroup]
2026-04-04T21:10:41.2798359Z Syncing repository: Eliot-Abramo/Kicad-Space-Reliability
2026-04-04T21:10:41.2800102Z ##[group]Getting Git version info
2026-04-04T21:10:41.2801051Z Working directory is '/home/runner/work/Kicad-Space-Reliability/Kicad-Space-Reliability'
2026-04-04T21:10:41.2802485Z [command]/usr/bin/git version
2026-04-04T21:10:41.2855971Z git version 2.53.0
2026-04-04T21:10:41.2882363Z ##[endgroup]
2026-04-04T21:10:41.2898629Z Temporarily overriding HOME='/home/runner/work/_temp/025ce56c-a94d-4efd-abba-e856dc99deb5' before making global git config changes
2026-04-04T21:10:41.2900996Z Adding repository directory to the temporary git global config as a safe directory
2026-04-04T21:10:41.2912632Z [command]/usr/bin/git config --global --add safe.directory /home/runner/work/Kicad-Space-Reliability/Kicad-Space-Reliability
2026-04-04T21:10:41.2945158Z Deleting the contents of '/home/runner/work/Kicad-Space-Reliability/Kicad-Space-Reliability'
2026-04-04T21:10:41.2948381Z ##[group]Initializing the repository
2026-04-04T21:10:41.2953638Z [command]/usr/bin/git init /home/runner/work/Kicad-Space-Reliability/Kicad-Space-Reliability
2026-04-04T21:10:41.3039402Z hint: Using 'master' as the name for the initial branch. This default branch name
2026-04-04T21:10:41.3041040Z hint: will change to "main" in Git 3.0. To configure the initial branch name
2026-04-04T21:10:41.3043270Z hint: to use in all of your new repositories, which will suppress this warning,
2026-04-04T21:10:41.3044569Z hint: call:
2026-04-04T21:10:41.3045210Z hint:
2026-04-04T21:10:41.3046219Z hint: 	git config --global init.defaultBranch <name>
2026-04-04T21:10:41.3047309Z hint:
2026-04-04T21:10:41.3048251Z hint: Names commonly chosen instead of 'master' are 'main', 'trunk' and
2026-04-04T21:10:41.3049757Z hint: 'development'. The just-created branch can be renamed via this command:
2026-04-04T21:10:41.3051009Z hint:
2026-04-04T21:10:41.3051702Z hint: 	git branch -m <name>
2026-04-04T21:10:41.3052722Z hint:
2026-04-04T21:10:41.3053810Z hint: Disable this message with "git config set advice.defaultBranchName false"
2026-04-04T21:10:41.3055895Z Initialized empty Git repository in /home/runner/work/Kicad-Space-Reliability/Kicad-Space-Reliability/.git/
2026-04-04T21:10:41.3058958Z [command]/usr/bin/git remote add origin https://github.com/Eliot-Abramo/Kicad-Space-Reliability
2026-04-04T21:10:41.3084469Z ##[endgroup]
2026-04-04T21:10:41.3085655Z ##[group]Disabling automatic garbage collection
2026-04-04T21:10:41.3089086Z [command]/usr/bin/git config --local gc.auto 0
2026-04-04T21:10:41.3117126Z ##[endgroup]
2026-04-04T21:10:41.3118339Z ##[group]Setting up auth
2026-04-04T21:10:41.3124741Z [command]/usr/bin/git config --local --name-only --get-regexp core\.sshCommand
2026-04-04T21:10:41.3154204Z [command]/usr/bin/git submodule foreach --recursive sh -c "git config --local --name-only --get-regexp 'core\.sshCommand' && git config --local --unset-all 'core.sshCommand' || :"
2026-04-04T21:10:41.3438226Z [command]/usr/bin/git config --local --name-only --get-regexp http\.https\:\/\/github\.com\/\.extraheader
2026-04-04T21:10:41.3469168Z [command]/usr/bin/git submodule foreach --recursive sh -c "git config --local --name-only --get-regexp 'http\.https\:\/\/github\.com\/\.extraheader' && git config --local --unset-all 'http.https://github.com/.extraheader' || :"
2026-04-04T21:10:41.3680066Z [command]/usr/bin/git config --local --name-only --get-regexp ^includeIf\.gitdir:
2026-04-04T21:10:41.3714041Z [command]/usr/bin/git submodule foreach --recursive git config --local --show-origin --name-only --get-regexp remote.origin.url
2026-04-04T21:10:41.3945911Z [command]/usr/bin/git config --local http.https://github.com/.extraheader AUTHORIZATION: basic ***
2026-04-04T21:10:41.3979416Z ##[endgroup]
2026-04-04T21:10:41.3980144Z ##[group]Fetching the repository
2026-04-04T21:10:41.3988048Z [command]/usr/bin/git -c protocol.version=2 fetch --no-tags --prune --no-recurse-submodules --depth=1 origin +7d40d906854a9913246cc2e07b68e9c5323ed1f3:refs/remotes/origin/main
2026-04-04T21:10:41.7488444Z From https://github.com/Eliot-Abramo/Kicad-Space-Reliability
2026-04-04T21:10:41.7489895Z  * [new ref]         7d40d906854a9913246cc2e07b68e9c5323ed1f3 -> origin/main
2026-04-04T21:10:41.7516397Z ##[endgroup]
2026-04-04T21:10:41.7517448Z ##[group]Determining the checkout info
2026-04-04T21:10:41.7518673Z ##[endgroup]
2026-04-04T21:10:41.7523540Z [command]/usr/bin/git sparse-checkout disable
2026-04-04T21:10:41.7557768Z [command]/usr/bin/git config --local --unset-all extensions.worktreeConfig
2026-04-04T21:10:41.7581584Z ##[group]Checking out the ref
2026-04-04T21:10:41.7585444Z [command]/usr/bin/git checkout --progress --force -B main refs/remotes/origin/main
2026-04-04T21:10:41.7677070Z Switched to a new branch 'main'
2026-04-04T21:10:41.7680299Z branch 'main' set up to track 'origin/main'.
2026-04-04T21:10:41.7686824Z ##[endgroup]
2026-04-04T21:10:41.7720619Z [command]/usr/bin/git log -1 --format=%H
2026-04-04T21:10:41.7741408Z 7d40d906854a9913246cc2e07b68e9c5323ed1f3
2026-04-04T21:10:41.7980904Z ##[group]Run actions/setup-python@v5
2026-04-04T21:10:41.7981466Z with:
2026-04-04T21:10:41.7981834Z   python-version: 3.11
2026-04-04T21:10:41.7982507Z   check-latest: false
2026-04-04T21:10:41.7983063Z   token: ***
2026-04-04T21:10:41.7983449Z   update-environment: true
2026-04-04T21:10:41.7983909Z   allow-prereleases: false
2026-04-04T21:10:41.7984538Z   freethreaded: false
2026-04-04T21:10:41.7984939Z ##[endgroup]
2026-04-04T21:10:41.9627991Z ##[group]Installed versions
2026-04-04T21:10:41.9726879Z Successfully set up CPython (3.11.15)
2026-04-04T21:10:41.9728054Z ##[endgroup]
2026-04-04T21:10:41.9849289Z ##[group]Run python -m pip install --upgrade pip numpy ruff
2026-04-04T21:10:41.9850132Z [36;1mpython -m pip install --upgrade pip numpy ruff[0m
2026-04-04T21:10:41.9891179Z shell: /usr/bin/bash -e {0}
2026-04-04T21:10:41.9891659Z env:
2026-04-04T21:10:41.9892479Z   pythonLocation: /opt/hostedtoolcache/Python/3.11.15/x64
2026-04-04T21:10:41.9894234Z   PKG_CONFIG_PATH: /opt/hostedtoolcache/Python/3.11.15/x64/lib/pkgconfig
2026-04-04T21:10:41.9895944Z   Python_ROOT_DIR: /opt/hostedtoolcache/Python/3.11.15/x64
2026-04-04T21:10:41.9897512Z   Python2_ROOT_DIR: /opt/hostedtoolcache/Python/3.11.15/x64
2026-04-04T21:10:41.9898983Z   Python3_ROOT_DIR: /opt/hostedtoolcache/Python/3.11.15/x64
2026-04-04T21:10:41.9900111Z   LD_LIBRARY_PATH: /opt/hostedtoolcache/Python/3.11.15/x64/lib
2026-04-04T21:10:41.9900704Z ##[endgroup]
2026-04-04T21:10:43.6146338Z Requirement already satisfied: pip in /opt/hostedtoolcache/Python/3.11.15/x64/lib/python3.11/site-packages (26.0.1)
2026-04-04T21:10:43.9901837Z Collecting numpy
2026-04-04T21:10:44.0893750Z   Downloading numpy-2.4.4-cp311-cp311-manylinux_2_27_x86_64.manylinux_2_28_x86_64.whl.metadata (6.6 kB)
2026-04-04T21:10:44.4606913Z Collecting ruff
2026-04-04T21:10:44.4746578Z   Downloading ruff-0.15.9-py3-none-manylinux_2_17_x86_64.manylinux2014_x86_64.whl.metadata (26 kB)
2026-04-04T21:10:44.5064463Z Downloading numpy-2.4.4-cp311-cp311-manylinux_2_27_x86_64.manylinux_2_28_x86_64.whl (16.9 MB)
2026-04-04T21:10:44.6896895Z    ━━━━━━━━━━━━━━━━━━━━━━━━━━━━━━━━━━━━━━━━ 16.9/16.9 MB 110.6 MB/s  0:00:00
2026-04-04T21:10:44.7045463Z Downloading ruff-0.15.9-py3-none-manylinux_2_17_x86_64.manylinux2014_x86_64.whl (11.3 MB)
2026-04-04T21:10:44.7513531Z    ━━━━━━━━━━━━━━━━━━━━━━━━━━━━━━━━━━━━━━━━ 11.3/11.3 MB 247.7 MB/s  0:00:00
2026-04-04T21:10:44.8019810Z Installing collected packages: ruff, numpy
2026-04-04T21:10:46.8177430Z 
2026-04-04T21:10:46.8186514Z Successfully installed numpy-2.4.4 ruff-0.15.9
2026-04-04T21:10:47.0293398Z ##[group]Run python -m compileall plugins tests
2026-04-04T21:10:47.0293844Z [36;1mpython -m compileall plugins tests[0m
2026-04-04T21:10:47.0321425Z shell: /usr/bin/bash -e {0}
2026-04-04T21:10:47.0321730Z env:
2026-04-04T21:10:47.0322011Z   pythonLocation: /opt/hostedtoolcache/Python/3.11.15/x64
2026-04-04T21:10:47.0322632Z   PKG_CONFIG_PATH: /opt/hostedtoolcache/Python/3.11.15/x64/lib/pkgconfig
2026-04-04T21:10:47.0323097Z   Python_ROOT_DIR: /opt/hostedtoolcache/Python/3.11.15/x64
2026-04-04T21:10:47.0323492Z   Python2_ROOT_DIR: /opt/hostedtoolcache/Python/3.11.15/x64
2026-04-04T21:10:47.0323890Z   Python3_ROOT_DIR: /opt/hostedtoolcache/Python/3.11.15/x64
2026-04-04T21:10:47.0324292Z   LD_LIBRARY_PATH: /opt/hostedtoolcache/Python/3.11.15/x64/lib
2026-04-04T21:10:47.0324666Z ##[endgroup]
2026-04-04T21:10:47.1930596Z Listing 'plugins'...
2026-04-04T21:10:47.1931282Z Compiling 'plugins/__init__.py'...
2026-04-04T21:10:47.1931987Z Listing 'plugins/analysis'...
2026-04-04T21:10:47.1933238Z Compiling 'plugins/analysis/__init__.py'...
2026-04-04T21:10:47.1934085Z Compiling 'plugins/analysis/engine.py'...
2026-04-04T21:10:47.1934869Z Compiling 'plugins/analysis_dialog.py'...
2026-04-04T21:10:47.1935649Z Compiling 'plugins/block_editor.py'...
2026-04-04T21:10:47.1936369Z Compiling 'plugins/bom_reliability.py'...
2026-04-04T21:10:47.1937107Z Compiling 'plugins/budget_allocation.py'...
2026-04-04T21:10:47.1937837Z Compiling 'plugins/classification.py'...
2026-04-04T21:10:47.1938524Z Compiling 'plugins/component_editor.py'...
2026-04-04T21:10:47.1939057Z Compiling 'plugins/component_swap.py'...
2026-04-04T21:10:47.1939460Z Compiling 'plugins/correlated_mc.py'...
2026-04-04T21:10:47.1939836Z Compiling 'plugins/derating_engine.py'...
2026-04-04T21:10:47.1940220Z Compiling 'plugins/ecss_fields.py'...
2026-04-04T21:10:47.1940908Z Compiling 'plugins/growth_tracking.py'...
2026-04-04T21:10:47.1941298Z Compiling 'plugins/import_compat.py'...
2026-04-04T21:10:47.1941992Z Compiling 'plugins/inspiration_monte_carlo.py'...
2026-04-04T21:10:47.2006414Z Compiling 'plugins/inspiration_sensitivity_analysis.py'...
2026-04-04T21:10:47.2007223Z Compiling 'plugins/mission_profile.py'...
2026-04-04T21:10:47.2007865Z Compiling 'plugins/monte_carlo.py'...
2026-04-04T21:10:47.2008510Z Compiling 'plugins/plugin.py'...
2026-04-04T21:10:47.2009187Z Compiling 'plugins/project_manager.py'...
2026-04-04T21:10:47.2009789Z Compiling 'plugins/reliability_dialog.py'...
2026-04-04T21:10:47.2010353Z Compiling 'plugins/reliability_launcher.py'...
2026-04-04T21:10:47.2010934Z Compiling 'plugins/reliability_math.py'...
2026-04-04T21:10:47.2011463Z Compiling 'plugins/report_generator.py'...
2026-04-04T21:10:47.2011997Z Compiling 'plugins/schematic_parser.py'...
2026-04-04T21:10:47.2012899Z Compiling 'plugins/sensitivity_analysis.py'...
2026-04-04T21:10:47.2013511Z Listing 'plugins/ui'...
2026-04-04T21:10:47.2013969Z Compiling 'plugins/ui/__init__.py'...
2026-04-04T21:10:47.2014536Z Compiling 'plugins/ui/panels.py'...
2026-04-04T21:10:47.2015109Z Compiling 'plugins/ui/theme.py'...
2026-04-04T21:10:47.2015653Z Listing 'tests'...
2026-04-04T21:10:47.2016122Z Compiling 'tests/test_analysis_core.py'...
2026-04-04T21:10:47.2016741Z Compiling 'tests/test_publish_readiness.py'...
2026-04-04T21:10:47.2017372Z Compiling 'tests/test_report_generator.py'...
2026-04-04T21:10:47.2050203Z ##[group]Run python -m unittest discover -s tests -v
2026-04-04T21:10:47.2050657Z [36;1mpython -m unittest discover -s tests -v[0m
2026-04-04T21:10:47.2078855Z shell: /usr/bin/bash -e {0}
2026-04-04T21:10:47.2079148Z env:
2026-04-04T21:10:47.2079460Z   pythonLocation: /opt/hostedtoolcache/Python/3.11.15/x64
2026-04-04T21:10:47.2079922Z   PKG_CONFIG_PATH: /opt/hostedtoolcache/Python/3.11.15/x64/lib/pkgconfig
2026-04-04T21:10:47.2080373Z   Python_ROOT_DIR: /opt/hostedtoolcache/Python/3.11.15/x64
2026-04-04T21:10:47.2080781Z   Python2_ROOT_DIR: /opt/hostedtoolcache/Python/3.11.15/x64
2026-04-04T21:10:47.2081187Z   Python3_ROOT_DIR: /opt/hostedtoolcache/Python/3.11.15/x64
2026-04-04T21:10:47.2081597Z   LD_LIBRARY_PATH: /opt/hostedtoolcache/Python/3.11.15/x64/lib
2026-04-04T21:10:47.2081951Z ##[endgroup]
2026-04-04T21:10:47.6051606Z test_autoclassify_uses_explicit_field_and_flags_ambiguous_parts (test_analysis_core.AnalysisCoreTests.test_autoclassify_uses_explicit_field_and_flags_ambiguous_parts) ... ok
2026-04-04T21:10:47.6055056Z test_budget_allocation_reports_gap_and_top_offenders (test_analysis_core.AnalysisCoreTests.test_budget_allocation_reports_gap_and_top_offenders) ... ok
2026-04-04T21:10:47.6326174Z test_build_component_inputs_smoke_with_run_uncertainty_analysis (test_analysis_core.AnalysisCoreTests.test_build_component_inputs_smoke_with_run_uncertainty_analysis) ... ok
2026-04-04T21:10:47.6330556Z test_component_criticality_reports_expected_elasticity_signs (test_analysis_core.AnalysisCoreTests.test_component_criticality_reports_expected_elasticity_signs) ... ok
2026-04-04T21:10:47.6350986Z test_jensen_note_compares_mean_reliability_to_reliability_at_mean_lambda (test_analysis_core.AnalysisCoreTests.test_jensen_note_compares_mean_reliability_to_reliability_at_mean_lambda) ... ok
2026-04-04T21:10:47.6354434Z test_tornado_ranks_larger_local_fit_swing_first (test_analysis_core.AnalysisCoreTests.test_tornado_ranks_larger_local_fit_swing_first) ... ok
2026-04-04T21:10:47.6500193Z test_uncertainty_analysis_respects_shared_and_independent_sampling (test_analysis_core.AnalysisCoreTests.test_uncertainty_analysis_respects_shared_and_independent_sampling) ... ok
2026-04-04T21:10:47.6504463Z test_public_surfaces_do_not_advertise_unshipped_sobol_feature (test_publish_readiness.PublishReadinessTests.test_public_surfaces_do_not_advertise_unshipped_sobol_feature) ... ok
2026-04-04T21:10:47.6506646Z test_readme_points_to_methodology_doc (test_publish_readiness.PublishReadinessTests.test_readme_points_to_methodology_doc) ... ok
2026-04-04T21:10:47.6510759Z test_release_version_is_consistent_in_public_files (test_publish_readiness.PublishReadinessTests.test_release_version_is_consistent_in_public_files) ... ok
2026-04-04T21:10:47.6516829Z test_report_builder_wires_every_advertised_analysis_section (test_publish_readiness.PublishReadinessTests.test_report_builder_wires_every_advertised_analysis_section) ... ok
2026-04-04T21:10:47.6524081Z test_generate_all_text_exports (test_report_generator.ReportGeneratorTests.test_generate_all_text_exports) ... ok
2026-04-04T21:10:47.6533642Z test_pdf_export_without_optional_dependencies_raises_clear_error (test_report_generator.ReportGeneratorTests.test_pdf_export_without_optional_dependencies_raises_clear_error) ... ok
2026-04-04T21:10:47.6534900Z 
2026-04-04T21:10:47.6535186Z ----------------------------------------------------------------------
2026-04-04T21:10:47.6535762Z Ran 13 tests in 0.048s
2026-04-04T21:10:47.6535962Z 
2026-04-04T21:10:47.6536090Z OK
2026-04-04T21:10:47.6833235Z ##[group]Run ruff check plugins/monte_carlo.py plugins/sensitivity_analysis.py plugins/report_generator.py plugins/reliability_math.py tests
2026-04-04T21:10:47.6834270Z [36;1mruff check plugins/monte_carlo.py plugins/sensitivity_analysis.py plugins/report_generator.py plugins/reliability_math.py tests[0m
2026-04-04T21:10:47.6862870Z shell: /usr/bin/bash -e {0}
2026-04-04T21:10:47.6863118Z env:
2026-04-04T21:10:47.6863373Z   pythonLocation: /opt/hostedtoolcache/Python/3.11.15/x64
2026-04-04T21:10:47.6863838Z   PKG_CONFIG_PATH: /opt/hostedtoolcache/Python/3.11.15/x64/lib/pkgconfig
2026-04-04T21:10:47.6864291Z   Python_ROOT_DIR: /opt/hostedtoolcache/Python/3.11.15/x64
2026-04-04T21:10:47.6864667Z   Python2_ROOT_DIR: /opt/hostedtoolcache/Python/3.11.15/x64
2026-04-04T21:10:47.6865046Z   Python3_ROOT_DIR: /opt/hostedtoolcache/Python/3.11.15/x64
2026-04-04T21:10:47.6865432Z   LD_LIBRARY_PATH: /opt/hostedtoolcache/Python/3.11.15/x64/lib
2026-04-04T21:10:47.6865778Z ##[endgroup]
2026-04-04T21:10:47.7033302Z F401 [*] `dataclasses.field` imported but unused
2026-04-04T21:10:47.7033913Z   --> plugins/monte_carlo.py:60:36
2026-04-04T21:10:47.7034325Z    |
2026-04-04T21:10:47.7034620Z 58 | import math
2026-04-04T21:10:47.7034925Z 59 | import time
2026-04-04T21:10:47.7035302Z 60 | from dataclasses import dataclass, field
2026-04-04T21:10:47.7035799Z    |                                    ^^^^^
2026-04-04T21:10:47.7036397Z 61 | from typing import Dict, List, Tuple, Optional, Callable, Any
2026-04-04T21:10:47.7036967Z    |
2026-04-04T21:10:47.7037525Z help: Remove unused import: `dataclasses.field`
2026-04-04T21:10:47.7037886Z 
2026-04-04T21:10:47.7038066Z F401 [*] `typing.Dict` imported but unused
2026-04-04T21:10:47.7038563Z   --> plugins/reliability_math.py:31:20
2026-04-04T21:10:47.7039043Z    |
2026-04-04T21:10:47.7039294Z 30 | import math
2026-04-04T21:10:47.7039785Z 31 | from typing import Dict, List, Any, Optional, Tuple
2026-04-04T21:10:47.7040290Z    |                    ^^^^
2026-04-04T21:10:47.7040652Z 32 |
2026-04-04T21:10:47.7040920Z 33 | __version__ = "3.3.0"
2026-04-04T21:10:47.7041254Z    |
2026-04-04T21:10:47.7041524Z help: Remove unused import
2026-04-04T21:10:47.7041768Z 
2026-04-04T21:10:47.7041938Z F401 [*] `typing.List` imported but unused
2026-04-04T21:10:47.7042676Z   --> plugins/reliability_math.py:31:26
2026-04-04T21:10:47.7043102Z    |
2026-04-04T21:10:47.7043305Z 30 | import math
2026-04-04T21:10:47.7043563Z 31 | from typing import Dict, List, Any, Optional, Tuple
2026-04-04T21:10:47.7043870Z    |                          ^^^^
2026-04-04T21:10:47.7044085Z 32 |
2026-04-04T21:10:47.7044254Z 33 | __version__ = "3.3.0"
2026-04-04T21:10:47.7044451Z    |
2026-04-04T21:10:47.7044625Z help: Remove unused import
2026-04-04T21:10:47.7044765Z 
2026-04-04T21:10:47.7044873Z F401 [*] `typing.Any` imported but unused
2026-04-04T21:10:47.7045158Z   --> plugins/reliability_math.py:31:32
2026-04-04T21:10:47.7045395Z    |
2026-04-04T21:10:47.7045602Z 30 | import math
2026-04-04T21:10:47.7046735Z 31 | from typing import Dict, List, Any, Optional, Tuple
2026-04-04T21:10:47.7047230Z    |                                ^^^
2026-04-04T21:10:47.7047607Z 32 |
2026-04-04T21:10:47.7047873Z 33 | __version__ = "3.3.0"
2026-04-04T21:10:47.7048157Z    |
2026-04-04T21:10:47.7048325Z help: Remove unused import
2026-04-04T21:10:47.7048477Z 
2026-04-04T21:10:47.7048594Z F401 [*] `typing.Tuple` imported but unused
2026-04-04T21:10:47.7048894Z   --> plugins/reliability_math.py:31:47
2026-04-04T21:10:47.7049139Z    |
2026-04-04T21:10:47.7049290Z 30 | import math
2026-04-04T21:10:47.7049537Z 31 | from typing import Dict, List, Any, Optional, Tuple
2026-04-04T21:10:47.7049852Z    |                                               ^^^^^
2026-04-04T21:10:47.7050091Z 32 |
2026-04-04T21:10:47.7050255Z 33 | __version__ = "3.3.0"
2026-04-04T21:10:47.7050447Z    |
2026-04-04T21:10:47.7050624Z help: Remove unused import
2026-04-04T21:10:47.7050764Z 
2026-04-04T21:10:47.7050864Z E741 Ambiguous variable name: `l`
2026-04-04T21:10:47.7051355Z     --> plugins/reliability_math.py:1656:40
2026-04-04T21:10:47.7051618Z      |
2026-04-04T21:10:47.7051801Z 1654 | def lambda_series(lam_list):
2026-04-04T21:10:47.7052369Z 1655 |     """Series system total failure rate = sum."""
2026-04-04T21:10:47.7052902Z 1656 |     return sum(_safe_float(l, 0.0) for l in lam_list)
2026-04-04T21:10:47.7053218Z      |                                        ^
2026-04-04T21:10:47.7053466Z      |
2026-04-04T21:10:47.7053566Z 
2026-04-04T21:10:47.7053711Z E731 Do not assign a `lambda` expression, use a `def`
2026-04-04T21:10:47.7054030Z     --> plugins/reliability_math.py:2240:1
2026-04-04T21:10:47.7054275Z      |
2026-04-04T21:10:47.7054478Z 2239 |   reliability = reliability_from_lambda
2026-04-04T21:10:47.7054844Z 2240 | / component_failure_rate = lambda c, p=None: calculate_lambda(
2026-04-04T21:10:47.7055283Z 2241 | |     c, p.to_dict() if p and hasattr(p, "to_dict") else (p or {})
2026-04-04T21:10:47.7055602Z 2242 | | )
2026-04-04T21:10:47.7055778Z      | |_^
2026-04-04T21:10:47.7055937Z      |
2026-04-04T21:10:47.7056143Z help: Rewrite `component_failure_rate` as a `def`
2026-04-04T21:10:47.7056351Z 
2026-04-04T21:10:47.7056455Z F401 [*] `math` imported but unused
2026-04-04T21:10:47.7056738Z   --> plugins/report_generator.py:12:8
2026-04-04T21:10:47.7056980Z    |
2026-04-04T21:10:47.7057140Z 11 | import json
2026-04-04T21:10:47.7057327Z 12 | import math
2026-04-04T21:10:47.7057497Z    |        ^^^^
2026-04-04T21:10:47.7057703Z 13 | from datetime import datetime
2026-04-04T21:10:47.7058024Z 14 | from typing import Dict, List, Optional, Any, Tuple
2026-04-04T21:10:47.7058303Z    |
2026-04-04T21:10:47.7058495Z help: Remove unused import: `math`
2026-04-04T21:10:47.7058656Z 
2026-04-04T21:10:47.7058771Z F401 [*] `typing.Any` imported but unused
2026-04-04T21:10:47.7059064Z   --> plugins/report_generator.py:14:42
2026-04-04T21:10:47.7059299Z    |
2026-04-04T21:10:47.7059459Z 12 | import math
2026-04-04T21:10:47.7059657Z 13 | from datetime import datetime
2026-04-04T21:10:47.7059967Z 14 | from typing import Dict, List, Optional, Any, Tuple
2026-04-04T21:10:47.7060278Z    |                                          ^^^
2026-04-04T21:10:47.7060554Z 15 | from dataclasses import dataclass
2026-04-04T21:10:47.7060819Z 16 | from pathlib import Path
2026-04-04T21:10:47.7061023Z    |
2026-04-04T21:10:47.7061202Z help: Remove unused import
2026-04-04T21:10:47.7061340Z 
2026-04-04T21:10:47.7061456Z F401 [*] `typing.Tuple` imported but unused
2026-04-04T21:10:47.7061745Z   --> plugins/report_generator.py:14:47
2026-04-04T21:10:47.7061978Z    |
2026-04-04T21:10:47.7062393Z 12 | import math
2026-04-04T21:10:47.7062606Z 13 | from datetime import datetime
2026-04-04T21:10:47.7062913Z 14 | from typing import Dict, List, Optional, Any, Tuple
2026-04-04T21:10:47.7063237Z    |                                               ^^^^^
2026-04-04T21:10:47.7063516Z 15 | from dataclasses import dataclass
2026-04-04T21:10:47.7063782Z 16 | from pathlib import Path
2026-04-04T21:10:47.7064156Z    |
2026-04-04T21:10:47.7064340Z help: Remove unused import
2026-04-04T21:10:47.7064479Z 
2026-04-04T21:10:47.7064639Z F841 Local variable `p50` is assigned to but never used
2026-04-04T21:10:47.7064971Z    --> plugins/report_generator.py:904:9
2026-04-04T21:10:47.7065210Z     |
2026-04-04T21:10:47.7065399Z 902 |         mean = mc.get('mean', 0)
2026-04-04T21:10:47.7065674Z 903 |         p5 = mc.get('percentile_5', 0)
2026-04-04T21:10:47.7065965Z 904 |         p50 = mc.get('percentile_50', 0)
2026-04-04T21:10:47.7066216Z     |         ^^^
2026-04-04T21:10:47.7066429Z 905 |         p95 = mc.get('percentile_95', 0)
2026-04-04T21:10:47.7066697Z 906 |         std = mc.get('std', 0)
2026-04-04T21:10:47.7066912Z     |
2026-04-04T21:10:47.7067132Z help: Remove assignment to unused variable `p50`
2026-04-04T21:10:47.7067330Z 
2026-04-04T21:10:47.7067450Z F541 [*] f-string without any placeholders
2026-04-04T21:10:47.7067745Z     --> plugins/report_generator.py:1006:17
2026-04-04T21:10:47.7067995Z      |
2026-04-04T21:10:47.7068378Z 1004 |             html += f'<td class="mono">{dr:+.6f}</td></tr>\n'
2026-04-04T21:10:47.7068682Z 1005 |
2026-04-04T21:10:47.7068877Z 1006 |         html += f'</tbody></table>\n'
2026-04-04T21:10:47.7069150Z      |                 ^^^^^^^^^^^^^^^^^^^^^
2026-04-04T21:10:47.7069673Z 1007 |         html += f'<p style="color:var(--text2);margin-top:8px">Baseline: {bl:.2f} FIT, R = {br:.6f}</p></div>\n'
2026-04-04T21:10:47.7070164Z 1008 |         return html
2026-04-04T21:10:47.7070364Z      |
2026-04-04T21:10:47.7070553Z help: Remove extraneous `f` prefix
2026-04-04T21:10:47.7070716Z 
2026-04-04T21:10:47.7070890Z F841 Local variable `n_over` is assigned to but never used
2026-04-04T21:10:47.7071226Z     --> plugins/report_generator.py:1107:9
2026-04-04T21:10:47.7071476Z      |
2026-04-04T21:10:47.7071719Z 1105 |         target_r = budget.get("target_reliability", 0)
2026-04-04T21:10:47.7072321Z 1106 |         design_margin = budget.get("design_margin_pct", 10)
2026-04-04T21:10:47.7072737Z 1107 |         n_over = budget.get("components_over_budget", 0)
2026-04-04T21:10:47.7073044Z      |         ^^^^^^
2026-04-04T21:10:47.7073322Z 1108 |         top_offenders = budget.get("top_offenders", [])
2026-04-04T21:10:47.7073604Z      |
2026-04-04T21:10:47.7073831Z help: Remove assignment to unused variable `n_over`
2026-04-04T21:10:47.7074040Z 
2026-04-04T21:10:47.7074159Z F541 [*] f-string without any placeholders
2026-04-04T21:10:47.7074453Z     --> plugins/report_generator.py:1386:21
2026-04-04T21:10:47.7074696Z      |
2026-04-04T21:10:47.7075085Z 1384 | …         cum += pct
2026-04-04T21:10:47.7075652Z 1385 | …         html += f'<tr><td>{name}</td><td class="mono">{lam*1e9:.2f}</td><td>{pct:.1f}%</td><td>{cum:.1f}%</td>'
2026-04-04T21:10:47.7076456Z 1386 | …         html += f'<td style="width:120px"><div style="height:8px;background:#e2e8f0;border-radius:4px;overflow:hidden">'
2026-04-04T21:10:47.7077122Z      |                   ^^^^^^^^^^^^^^^^^^^^^^^^^^^^^^^^^^^^^^^^^^^^^^^^^^^^^^^^^^^^^^^^^^^^^^^^^^^^^^^^^^^^^^^^^^^^^^^^^^^^^^^^
2026-04-04T21:10:47.7077870Z 1387 | …         html += f'<div style="height:100%;width:{min(100,pct)}%;background:linear-gradient(90deg,#3b82f6,#60a5fa);border-radius:4p…
2026-04-04T21:10:47.7078467Z 1388 | …     html += '</tbody></table>\n'
2026-04-04T21:10:47.7078709Z      |
2026-04-04T21:10:47.7078900Z help: Remove extraneous `f` prefix
2026-04-04T21:10:47.7079071Z 
2026-04-04T21:10:47.7079179Z E741 Ambiguous variable name: `l`
2026-04-04T21:10:47.7079451Z     --> plugins/report_generator.py:1389:47
2026-04-04T21:10:47.7079706Z      |
2026-04-04T21:10:47.7080249Z 1387 | …         html += f'<div style="height:100%;width:{min(100,pct)}%;background:linear-gradient(90deg,#3b82f6,#60a5fa);border-radius:4p…
2026-04-04T21:10:47.7080836Z 1388 | …     html += '</tbody></table>\n'
2026-04-04T21:10:47.7081216Z 1389 | …     chart_data = [(n, l/total_lam) for n, l, _ in contribs[:12]]
2026-04-04T21:10:47.7081589Z      |                                             ^
2026-04-04T21:10:47.7082295Z 1390 | …     html += '<div class="chart-single">'
2026-04-04T21:10:47.7082889Z 1391 | …     html += _svg_bar_chart(chart_data, title="Relative Contributions", x_label="Fraction", max_value=1.0)
2026-04-04T21:10:47.7083353Z      |
2026-04-04T21:10:47.7083445Z 
2026-04-04T21:10:47.7083599Z F841 Local variable `cl` is assigned to but never used
2026-04-04T21:10:47.7083932Z     --> plugins/report_generator.py:1404:13
2026-04-04T21:10:47.7084176Z      |
2026-04-04T21:10:47.7084425Z 1402 |             mc = result if isinstance(result, dict) else {}
2026-04-04T21:10:47.7084854Z 1403 |             name = path.rstrip('/').split('/')[-1] or 'Root'
2026-04-04T21:10:47.7085218Z 1404 |             cl = mc.get("confidence_level", 0.90)
2026-04-04T21:10:47.7085494Z      |             ^^
2026-04-04T21:10:47.7085826Z 1405 |             html += f'<tr><td>{name}</td><td class="mono">{mc.get("mean",0):.6f}</td>'
2026-04-04T21:10:47.7086275Z 1406 |             html += f'<td class="mono">{mc.get("std",0):.6f}</td>'
2026-04-04T21:10:47.7086708Z      |
2026-04-04T21:10:47.7086936Z help: Remove assignment to unused variable `cl`
2026-04-04T21:10:47.7087140Z 
2026-04-04T21:10:47.7087265Z F541 [*] f-string without any placeholders
2026-04-04T21:10:47.7087553Z     --> plugins/report_generator.py:1527:19
2026-04-04T21:10:47.7087798Z      |
2026-04-04T21:10:47.7087973Z 1525 |         if data.budget:
2026-04-04T21:10:47.7088207Z 1526 |             b = data.budget
2026-04-04T21:10:47.7088524Z 1527 |             md += f"## Reliability Target Closure Planning\n\n"
2026-04-04T21:10:47.7088892Z      |                   ^^^^^^^^^^^^^^^^^^^^^^^^^^^^^^^^^^^^^^^^^^^^^
2026-04-04T21:10:47.7089170Z 1528 |             md += (
2026-04-04T21:10:47.7089462Z 1529 |                 f"Strategy: **{b.get('strategy','').title()}** | "
2026-04-04T21:10:47.7089759Z      |
2026-04-04T21:10:47.7089944Z help: Remove extraneous `f` prefix
2026-04-04T21:10:47.7090107Z 
2026-04-04T21:10:47.7090228Z F541 [*] f-string without any placeholders
2026-04-04T21:10:47.7090535Z     --> plugins/report_generator.py:1568:19
2026-04-04T21:10:47.7090775Z      |
2026-04-04T21:10:47.7090998Z 1566 | …     if data.correlated_mc:
2026-04-04T21:10:47.7091283Z 1567 | …         cm = data.correlated_mc
2026-04-04T21:10:47.7091608Z 1568 | …         md += f"## Correlated Monte Carlo\n\n"
2026-04-04T21:10:47.7091920Z      |                 ^^^^^^^^^^^^^^^^^^^^^^^^^^^^^^^^
2026-04-04T21:10:47.7092635Z 1569 | …         md += f"| Model | Mean R | Std | 5th %ile | 95th %ile |\n|---|---|---|---|---|\n"
2026-04-04T21:10:47.7093378Z 1570 | …         md += f"| Independent | {cm.get('independent_mean',0):.6f} | {cm.get('independent_std',0):.6f} | {cm.get('independent_ci_l…
2026-04-04T21:10:47.7093885Z      |
2026-04-04T21:10:47.7094078Z help: Remove extraneous `f` prefix
2026-04-04T21:10:47.7094246Z 
2026-04-04T21:10:47.7094365Z F541 [*] f-string without any placeholders
2026-04-04T21:10:47.7094669Z     --> plugins/report_generator.py:1569:19
2026-04-04T21:10:47.7094917Z      |
2026-04-04T21:10:47.7095149Z 1567 | …     cm = data.correlated_mc
2026-04-04T21:10:47.7095463Z 1568 | …     md += f"## Correlated Monte Carlo\n\n"
2026-04-04T21:10:47.7095920Z 1569 | …     md += f"| Model | Mean R | Std | 5th %ile | 95th %ile |\n|---|---|---|---|---|\n"
2026-04-04T21:10:47.7096379Z      |             ^^^^^^^^^^^^^^^^^^^^^^^^^^^^^^^^^^^^^^^^^^^^^^^^^^^^^^^^^^^^^^^^^^^^^^^^^^^
2026-04-04T21:10:47.7097286Z 1570 | …     md += f"| Independent | {cm.get('independent_mean',0):.6f} | {cm.get('independent_std',0):.6f} | {cm.get('independent_ci_lower…
2026-04-04T21:10:47.7098173Z 1571 | …     md += f"| Correlated | {cm.get('correlated_mean',0):.6f} | {cm.get('correlated_std',0):.6f} | {cm.get('correlated_ci_lower',0)…
2026-04-04T21:10:47.7098665Z      |
2026-04-04T21:10:47.7098859Z help: Remove extraneous `f` prefix
2026-04-04T21:10:47.7099023Z 
2026-04-04T21:10:47.7099162Z E702 Multiple statements on one line (semicolon)
2026-04-04T21:10:47.7099482Z     --> plugins/report_generator.py:1599:40
2026-04-04T21:10:47.7099893Z      |
2026-04-04T21:10:47.7100057Z 1597 |         }
2026-04-04T21:10:47.7100271Z 1598 |         if data.monte_carlo:
2026-04-04T21:10:47.7100607Z 1599 |             mc = dict(data.monte_carlo); mc.pop('samples', None)
2026-04-04T21:10:47.7100952Z      |                                        ^
2026-04-04T21:10:47.7101234Z 1600 |             output["monte_carlo"] = mc
2026-04-04T21:10:47.7101511Z 1601 |         if data.sensitivity:
2026-04-04T21:10:47.7101730Z      |
2026-04-04T21:10:47.7101821Z 
2026-04-04T21:10:47.7102483Z F401 `reportlab.platypus.PageBreak` imported but unused; consider using `importlib.util.find_spec` to test for availability
2026-04-04T21:10:47.7103072Z     --> plugins/report_generator.py:1658:17
2026-04-04T21:10:47.7103323Z      |
2026-04-04T21:10:47.7103537Z 1656 |             from reportlab.platypus import (
2026-04-04T21:10:47.7103930Z 1657 |                 SimpleDocTemplate, Paragraph, Spacer, Table, TableStyle,
2026-04-04T21:10:47.7104310Z 1658 |                 PageBreak, HRFlowable
2026-04-04T21:10:47.7104703Z      |                 ^^^^^^^^^
2026-04-04T21:10:47.7104930Z 1659 |             )
2026-04-04T21:10:47.7105210Z 1660 |             from reportlab.lib.enums import TA_CENTER, TA_LEFT
2026-04-04T21:10:47.7105515Z      |
2026-04-04T21:10:47.7105771Z help: Remove unused import: `reportlab.platypus.PageBreak`
2026-04-04T21:10:47.7106021Z 
2026-04-04T21:10:47.7106416Z F401 `reportlab.lib.enums.TA_LEFT` imported but unused; consider using `importlib.util.find_spec` to test for availability
2026-04-04T21:10:47.7106975Z     --> plugins/report_generator.py:1660:56
2026-04-04T21:10:47.7107220Z      |
2026-04-04T21:10:47.7107416Z 1658 |                 PageBreak, HRFlowable
2026-04-04T21:10:47.7107660Z 1659 |             )
2026-04-04T21:10:47.7107939Z 1660 |             from reportlab.lib.enums import TA_CENTER, TA_LEFT
2026-04-04T21:10:47.7108293Z      |                                                        ^^^^^^^
2026-04-04T21:10:47.7108587Z 1661 |         except ImportError as exc:
2026-04-04T21:10:47.7108864Z 1662 |             raise RuntimeError(
2026-04-04T21:10:47.7109089Z      |
2026-04-04T21:10:47.7109335Z help: Remove unused import: `reportlab.lib.enums.TA_LEFT`
2026-04-04T21:10:47.7109568Z 
2026-04-04T21:10:47.7109667Z F401 [*] `math` imported but unused
2026-04-04T21:10:47.7109939Z   --> plugins/sensitivity_analysis.py:77:8
2026-04-04T21:10:47.7110179Z    |
2026-04-04T21:10:47.7110336Z 75 | """
2026-04-04T21:10:47.7110487Z 76 |
2026-04-04T21:10:47.7110651Z 77 | import math
2026-04-04T21:10:47.7110826Z    |        ^^^^
2026-04-04T21:10:47.7111014Z 78 | import numpy as np
2026-04-04T21:10:47.7111263Z 79 | from dataclasses import dataclass, field
2026-04-04T21:10:47.7111512Z    |
2026-04-04T21:10:47.7111700Z help: Remove unused import: `math`
2026-04-04T21:10:47.7111864Z 
2026-04-04T21:10:47.7111964Z F401 [*] `numpy` imported but unused
2026-04-04T21:10:47.7112574Z   --> plugins/sensitivity_analysis.py:78:17
2026-04-04T21:10:47.7112837Z    |
2026-04-04T21:10:47.7113003Z 77 | import math
2026-04-04T21:10:47.7113200Z 78 | import numpy as np
2026-04-04T21:10:47.7113408Z    |                 ^^
2026-04-04T21:10:47.7113639Z 79 | from dataclasses import dataclass, field
2026-04-04T21:10:47.7114012Z 80 | from typing import Dict, List, Tuple, Optional, Any, Callable
2026-04-04T21:10:47.7114327Z    |
2026-04-04T21:10:47.7114508Z help: Remove unused import: `numpy`
2026-04-04T21:10:47.7114676Z 
2026-04-04T21:10:47.7114812Z F401 [*] `dataclasses.field` imported but unused
2026-04-04T21:10:47.7115117Z   --> plugins/sensitivity_analysis.py:79:36
2026-04-04T21:10:47.7115369Z    |
2026-04-04T21:10:47.7115529Z 77 | import math
2026-04-04T21:10:47.7115724Z 78 | import numpy as np
2026-04-04T21:10:47.7115960Z 79 | from dataclasses import dataclass, field
2026-04-04T21:10:47.7116242Z    |                                    ^^^^^
2026-04-04T21:10:47.7116584Z 80 | from typing import Dict, List, Tuple, Optional, Any, Callable
2026-04-04T21:10:47.7116894Z    |
2026-04-04T21:10:47.7117113Z help: Remove unused import: `dataclasses.field`
2026-04-04T21:10:47.7117469Z 
2026-04-04T21:10:47.7117595Z F401 [*] `typing.Callable` imported but unused
2026-04-04T21:10:47.7117904Z   --> plugins/sensitivity_analysis.py:80:54
2026-04-04T21:10:47.7118150Z    |
2026-04-04T21:10:47.7118321Z 78 | import numpy as np
2026-04-04T21:10:47.7118560Z 79 | from dataclasses import dataclass, field
2026-04-04T21:10:47.7118917Z 80 | from typing import Dict, List, Tuple, Optional, Any, Callable
2026-04-04T21:10:47.7119275Z    |                                                      ^^^^^^^^
2026-04-04T21:10:47.7119525Z    |
2026-04-04T21:10:47.7119728Z help: Remove unused import: `typing.Callable`
2026-04-04T21:10:47.7119921Z 
2026-04-04T21:10:47.7120029Z E402 Module level import not at top of file
2026-04-04T21:10:47.7120308Z   --> tests/test_analysis_core.py:15:1
2026-04-04T21:10:47.7120533Z    |
2026-04-04T21:10:47.7120730Z 13 |     sys.path.insert(0, str(PLUGIN_ROOT))
2026-04-04T21:10:47.7120975Z 14 |
2026-04-04T21:10:47.7121134Z 15 | import monte_carlo
2026-04-04T21:10:47.7121455Z    | ^^^^^^^^^^^^^^^^^^
2026-04-04T21:10:47.7121662Z 16 | import reliability_math
2026-04-04T21:10:47.7121897Z 17 | import sensitivity_analysis
2026-04-04T21:10:47.7122356Z    |
2026-04-04T21:10:47.7122522Z 
2026-04-04T21:10:47.7122709Z E402 Module level import not at top of file
2026-04-04T21:10:47.7123008Z   --> tests/test_analysis_core.py:16:1
2026-04-04T21:10:47.7123245Z    |
2026-04-04T21:10:47.7123408Z 15 | import monte_carlo
2026-04-04T21:10:47.7123629Z 16 | import reliability_math
2026-04-04T21:10:47.7123852Z    | ^^^^^^^^^^^^^^^^^^^^^^^
2026-04-04T21:10:47.7124068Z 17 | import sensitivity_analysis
2026-04-04T21:10:47.7124311Z 18 | import budget_allocation
2026-04-04T21:10:47.7124517Z    |
2026-04-04T21:10:47.7124611Z 
2026-04-04T21:10:47.7124727Z E402 Module level import not at top of file
2026-04-04T21:10:47.7125006Z   --> tests/test_analysis_core.py:17:1
2026-04-04T21:10:47.7125243Z    |
2026-04-04T21:10:47.7125405Z 15 | import monte_carlo
2026-04-04T21:10:47.7125631Z 16 | import reliability_math
2026-04-04T21:10:47.7125862Z 17 | import sensitivity_analysis
2026-04-04T21:10:47.7126090Z    | ^^^^^^^^^^^^^^^^^^^^^^^^^^^
2026-04-04T21:10:47.7126321Z 18 | import budget_allocation
2026-04-04T21:10:47.7126546Z 19 | import classification
2026-04-04T21:10:47.7126744Z    |
2026-04-04T21:10:47.7126832Z 
2026-04-04T21:10:47.7126944Z E402 Module level import not at top of file
2026-04-04T21:10:47.7127220Z   --> tests/test_analysis_core.py:18:1
2026-04-04T21:10:47.7127447Z    |
2026-04-04T21:10:47.7127624Z 16 | import reliability_math
2026-04-04T21:10:47.7127847Z 17 | import sensitivity_analysis
2026-04-04T21:10:47.7128087Z 18 | import budget_allocation
2026-04-04T21:10:47.7128309Z    | ^^^^^^^^^^^^^^^^^^^^^^^^
2026-04-04T21:10:47.7128523Z 19 | import classification
2026-04-04T21:10:47.7128720Z    |
2026-04-04T21:10:47.7128809Z 
2026-04-04T21:10:47.7128920Z E402 Module level import not at top of file
2026-04-04T21:10:47.7129196Z   --> tests/test_analysis_core.py:19:1
2026-04-04T21:10:47.7129427Z    |
2026-04-04T21:10:47.7129609Z 17 | import sensitivity_analysis
2026-04-04T21:10:47.7129840Z 18 | import budget_allocation
2026-04-04T21:10:47.7130068Z 19 | import classification
2026-04-04T21:10:47.7130276Z    | ^^^^^^^^^^^^^^^^^^^^^
2026-04-04T21:10:47.7130457Z    |
2026-04-04T21:10:47.7130545Z 
2026-04-04T21:10:47.7130657Z E402 Module level import not at top of file
2026-04-04T21:10:47.7130934Z   --> tests/test_report_generator.py:13:1
2026-04-04T21:10:47.7131174Z    |
2026-04-04T21:10:47.7131366Z 11 |     sys.path.insert(0, str(PLUGIN_ROOT))
2026-04-04T21:10:47.7131614Z 12 |
2026-04-04T21:10:47.7131779Z 13 | import report_generator
2026-04-04T21:10:47.7131995Z    | ^^^^^^^^^^^^^^^^^^^^^^^
2026-04-04T21:10:47.7132412Z    |
2026-04-04T21:10:47.7132506Z 
2026-04-04T21:10:47.7132584Z Found 32 errors.
2026-04-04T21:10:47.7133007Z [*] 17 fixable with the `--fix` option (4 hidden fixes can be enabled with the `--unsafe-fixes` option).
2026-04-04T21:10:47.7143964Z ##[error]Process completed with exit code 1.
2026-04-04T21:10:47.7254083Z Post job cleanup.
2026-04-04T21:10:47.8192199Z [command]/usr/bin/git version
2026-04-04T21:10:47.8227637Z git version 2.53.0
2026-04-04T21:10:47.8270126Z Temporarily overriding HOME='/home/runner/work/_temp/16b2f8bc-1a1f-421c-b3fc-4fbf719ae16d' before making global git config changes
2026-04-04T21:10:47.8271442Z Adding repository directory to the temporary git global config as a safe directory
2026-04-04T21:10:47.8283464Z [command]/usr/bin/git config --global --add safe.directory /home/runner/work/Kicad-Space-Reliability/Kicad-Space-Reliability
2026-04-04T21:10:47.8317590Z [command]/usr/bin/git config --local --name-only --get-regexp core\.sshCommand
2026-04-04T21:10:47.8348894Z [command]/usr/bin/git submodule foreach --recursive sh -c "git config --local --name-only --get-regexp 'core\.sshCommand' && git config --local --unset-all 'core.sshCommand' || :"
2026-04-04T21:10:47.8581470Z [command]/usr/bin/git config --local --name-only --get-regexp http\.https\:\/\/github\.com\/\.extraheader
2026-04-04T21:10:47.8603980Z http.https://github.com/.extraheader
2026-04-04T21:10:47.8619181Z [command]/usr/bin/git config --local --unset-all http.https://github.com/.extraheader
2026-04-04T21:10:47.8651126Z [command]/usr/bin/git submodule foreach --recursive sh -c "git config --local --name-only --get-regexp 'http\.https\:\/\/github\.com\/\.extraheader' && git config --local --unset-all 'http.https://github.com/.extraheader' || :"
2026-04-04T21:10:47.8872811Z [command]/usr/bin/git config --local --name-only --get-regexp ^includeIf\.gitdir:
2026-04-04T21:10:47.8902966Z [command]/usr/bin/git submodule foreach --recursive git config --local --show-origin --name-only --get-regexp remote.origin.url
2026-04-04T21:10:47.9232987Z Cleaning up orphan processes
2026-04-04T21:10:47.9540456Z ##[warning]Node.js 20 actions are deprecated. The following actions are running on Node.js 20 and may not work as expected: actions/checkout@v4, actions/setup-python@v5. Actions will be forced to run with Node.js 24 by default starting June 2nd, 2026. Node.js 20 will be removed from the runner on September 16th, 2026. Please check if updated versions of these actions are available that support Node.js 24. To opt into Node.js 24 now, set the FORCE_JAVASCRIPT_ACTIONS_TO_NODE24=true environment variable on the runner or in your workflow file. Once Node.js 24 becomes the default, you can temporarily opt out by setting ACTIONS_ALLOW_USE_UNSECURE_NODE_VERSION=true. For more information see: https://github.blog/changelog/2025-09-19-deprecation-of-node-20-on-github-actions-runners/